<?xml version="1.0" encoding="UTF-8"?>
<!-- Generated by org.testng.reporters.JUnitReportReporter -->
<testsuite hostname="LAPTOP-BIM2FR3V" failures="0" tests="1" name="Scenario.RadiCheckBox" time="20.881" errors="0" timestamp="2024-08-02T04:55:47 IST" skipped="0">
  <testcase classname="Scenario.RadiCheckBox" name="ChekRadAndChkBox" time="20.881"/>
  <system-out/>
</testsuite> <!-- Scenario.RadiCheckBox -->
