<?xml version="1.0" encoding="UTF-8"?>
<!-- Generated by org.testng.reporters.JUnitReportReporter -->
<testsuite hostname="LAPTOP-BIM2FR3V" failures="0" tests="1" name="Scenario.HandlingDynData" time="10.956" errors="0" timestamp="2024-08-02T04:55:47 IST" skipped="0">
  <testcase classname="Scenario.HandlingDynData" name="DynData" time="10.956"/>
  <system-out/>
</testsuite> <!-- Scenario.HandlingDynData -->
