<?xml version="1.0" encoding="UTF-8"?>
<!-- Generated by org.testng.reporters.JUnitReportReporter -->
<testsuite hostname="LAPTOP-BIM2FR3V" failures="0" tests="1" name="Scenario.RadiCheckBox" time="21.236" errors="0" timestamp="2024-08-03T04:57:17 IST" skipped="0">
  <testcase classname="Scenario.RadiCheckBox" name="ChekRadAndChkBox" time="21.236"/>
</testsuite> <!-- Scenario.RadiCheckBox -->
