<?xml version="1.0" encoding="UTF-8"?>
<!-- Generated by org.testng.reporters.JUnitReportReporter -->
<testsuite hostname="LAPTOP-BIM2FR3V" failures="0" tests="1" name="Scenario.HandlingDynData" time="10.863" errors="0" timestamp="2024-08-03T04:57:17 IST" skipped="0">
  <testcase classname="Scenario.HandlingDynData" name="DynData" time="10.863"/>
</testsuite> <!-- Scenario.HandlingDynData -->
